<?xml version="1.0" encoding="UTF-8"?>
<!-- Generated by org.testng.reporters.JUnitXMLReporter -->
<testsuite hostname="307-7" ignored="0" name="Test" tests="6" failures="0" timestamp="27 окт 2018 16:55:29 GMT" time="0.128" errors="0">
  <testcase name="@BeforeClass start" time="0.0" classname="TestForCurse.AutoTest.TestRegContact">
    <failure type="org.testng.TestNGException" message="
Parameter &amp;apos;driver-name&amp;apos; is required by BeforeClass on method start but has not been marked @Optional or defined
in D:\For Curse AutoTest\Evgeniy\AutoTest\testng.xml">
      <![CDATA[org.testng.TestNGException: 
Parameter 'driver-name' is required by BeforeClass on method start but has not been marked @Optional or defined
in D:\For Curse AutoTest\Evgeniy\AutoTest\testng.xml
... Removed 23 stack frames]]>
    </failure>
  </testcase> <!-- @BeforeClass start -->
  <testcase name="@AfterClass close" time="0.0" classname="TestForCurse.AutoTest.TestRegContact">
    <skipped/>
  </testcase> <!-- @AfterClass close -->
  <testcase name="logIn" time="0.0" classname="TestForCurse.AutoTest.TestRegContact">
    <skipped/>
  </testcase> <!-- logIn -->
  <testcase name="logIn" time="0.0" classname="TestForCurse.AutoTest.TestRegContact">
    <skipped/>
  </testcase> <!-- logIn -->
  <testcase name="logIn" time="0.0" classname="TestForCurse.AutoTest.TestRegContact">
    <skipped/>
  </testcase> <!-- logIn -->
  <testcase name="testRegContatct" time="0.0" classname="TestForCurse.AutoTest.TestRegContact">
    <skipped/>
  </testcase> <!-- testRegContatct -->
  <testcase name="testRemoveContatct" time="0.0" classname="TestForCurse.AutoTest.TestRegContact">
    <skipped/>
  </testcase> <!-- testRemoveContatct -->
  <testcase name="findUsers" time="0.0" classname="TestForCurse.AutoTest.TestRegContact">
    <skipped/>
  </testcase> <!-- findUsers -->
</testsuite> <!-- Test -->
